<?xml version="1.0" encoding="UTF-8"?>
<testng-results ignored="0" total="3" passed="3" failed="0" skipped="0">
  <reporter-output>
  </reporter-output>
  <suite started-at="2023-05-02T11:40:20 IST" name="Default suite" finished-at="2023-05-02T11:40:42 IST" duration-ms="22166">
    <groups>
      <group name="SmokeTest">
        <method signature="TEST5.Test1()[pri:0, instance:testing.TEST5@564fabc8]" name="Test1" class="testing.TEST5"/>
      </group> <!-- SmokeTest -->
      <group name="RegressionTest">
        <method signature="TEST5.Test2()[pri:0, instance:testing.TEST5@564fabc8]" name="Test2" class="testing.TEST5"/>
        <method signature="TEST5.Test3()[pri:0, instance:testing.TEST5@564fabc8]" name="Test3" class="testing.TEST5"/>
      </group> <!-- RegressionTest -->
    </groups>
    <test started-at="2023-05-02T11:40:20 IST" name="Default test" finished-at="2023-05-02T11:40:42 IST" duration-ms="22166">
      <class name="testing.TEST5">
        <test-method signature="Test1()[pri:0, instance:testing.TEST5@564fabc8]" started-at="2023-05-02T11:40:20 IST" name="Test1" finished-at="2023-05-02T11:40:29 IST" duration-ms="9263" status="PASS">
          <reporter-output>
          </reporter-output>
        </test-method> <!-- Test1 -->
        <test-method signature="Test2()[pri:0, instance:testing.TEST5@564fabc8]" started-at="2023-05-02T11:40:29 IST" name="Test2" finished-at="2023-05-02T11:40:35 IST" duration-ms="5723" status="PASS">
          <reporter-output>
          </reporter-output>
        </test-method> <!-- Test2 -->
        <test-method signature="Test3()[pri:0, instance:testing.TEST5@564fabc8]" started-at="2023-05-02T11:40:35 IST" name="Test3" finished-at="2023-05-02T11:40:42 IST" duration-ms="7133" status="PASS">
          <reporter-output>
          </reporter-output>
        </test-method> <!-- Test3 -->
      </class> <!-- testing.TEST5 -->
    </test> <!-- Default test -->
  </suite> <!-- Default suite -->
</testng-results>
